# JRE version: Java(TM) SE Runtime Environment (7.0_72-b14) (build 1.7.0_72-b14)
# Java VM: Java HotSpot(TM) Client VM (24.72-b04 mixed mode windows-x86 )
Heap
 def new generation   total 46336K, used 31418K [0x04400000, 0x07640000, 0x09950000)
  eden space 41216K,  68% used [0x04400000, 0x05f94d40, 0x06c40000)
  from space 5120K,  62% used [0x07140000, 0x07459e38, 0x07640000)
  to   space 5120K,   0% used [0x06c40000, 0x06c40000, 0x07140000)
 tenured generation   total 102800K, used 62877K [0x09950000, 0x0fdb4000, 0x14400000)
   the space 102800K,  61% used [0x09950000, 0x0d6b74c0, 0x0d6b7600, 0x0fdb4000)
 compacting perm gen  total 45824K, used 45651K [0x14400000, 0x170c0000, 0x18400000)
   the space 45824K,  99% used [0x14400000, 0x17094ee0, 0x17095000, 0x170c0000)
GC Heap History (10 events):
Event: 34.204 GC heap before
{Heap before GC invocations=128 (full 13):
 def new generation   total 37568K, used 29083K [0x04400000, 0x06cc0000, 0x09950000)
  eden space 33408K,  83% used [0x04400000, 0x05f1c538, 0x064a0000)
  from space 4160K,  31% used [0x068b0000, 0x069fa980, 0x06cc0000)
  to   space 4160K,   0% used [0x064a0000, 0x064a0000, 0x068b0000)
 tenured generation   total 83324K, used 54347K [0x09950000, 0x0eaaf000, 0x14400000)
   the space 83324K,  65% used [0x09950000, 0x0ce62f28, 0x0ce63000, 0x0eaaf000)
 compacting perm gen  total 38144K, used 38143K [0x14400000, 0x16940000, 0x18400000)
   the space 38144K,  99% used [0x14400000, 0x1693ff18, 0x16940000, 0x16940000)
No shared spaces configured.
Event: 34.460 GC heap after
Heap after GC invocations=129 (full 14):
 def new generation   total 42688K, used 0K [0x04400000, 0x07250000, 0x09950000)
  eden space 37952K,   0% used [0x04400000, 0x04400000, 0x06910000)
  from space 4736K,   0% used [0x06910000, 0x06910000, 0x06db0000)
  to   space 4736K,   0% used [0x06db0000, 0x06db0000, 0x07250000)
 tenured generation   total 94724K, used 56833K [0x09950000, 0x0f5d1000, 0x14400000)
   the space 94724K,  59% used [0x09950000, 0x0d0d0668, 0x0d0d0800, 0x0f5d1000)
 compacting perm gen  total 38144K, used 38143K [0x14400000, 0x16940000, 0x18400000)
   the space 38144K,  99% used [0x14400000, 0x1693ff18, 0x16940000, 0x16940000)
No shared spaces configured.
}
Event: 35.404 GC heap before
{Heap before GC invocations=129 (full 14):
 def new generation   total 42688K, used 31734K [0x04400000, 0x07250000, 0x09950000)
  eden space 37952K,  83% used [0x04400000, 0x062fd940, 0x06910000)
  from space 4736K,   0% used [0x06910000, 0x06910000, 0x06db0000)
  to   space 4736K,   0% used [0x06db0000, 0x06db0000, 0x07250000)
 tenured generation   total 94724K, used 56833K [0x09950000, 0x0f5d1000, 0x14400000)
   the space 94724K,  59% used [0x09950000, 0x0d0d0668, 0x0d0d0800, 0x0f5d1000)
 compacting perm gen  total 42240K, used 42239K [0x14400000, 0x16d40000, 0x18400000)
   the space 42240K,  99% used [0x14400000, 0x16d3fff8, 0x16d40000, 0x16d40000)
No shared spaces configured.
Event: 35.645 GC heap after
Heap after GC invocations=130 (full 15):
 def new generation   total 46336K, used 0K [0x04400000, 0x07640000, 0x09950000)
  eden space 41216K,   0% used [0x04400000, 0x04400000, 0x06c40000)
  from space 5120K,   0% used [0x06c40000, 0x06c40000, 0x07140000)
  to   space 5120K,   0% used [0x07140000, 0x07140000, 0x07640000)
 tenured generation   total 102800K, used 61678K [0x09950000, 0x0fdb4000, 0x14400000)
   the space 102800K,  59% used [0x09950000, 0x0d58bbd0, 0x0d58bc00, 0x0fdb4000)
 compacting perm gen  total 42240K, used 42239K [0x14400000, 0x16d40000, 0x18400000)
   the space 42240K,  99% used [0x14400000, 0x16d3fff8, 0x16d40000, 0x16d40000)
No shared spaces configured.
}
Event: 36.418 GC heap before
{Heap before GC invocations=130 (full 15):
 def new generation   total 46336K, used 41216K [0x04400000, 0x07640000, 0x09950000)
  eden space 41216K, 100% used [0x04400000, 0x06c40000, 0x06c40000)
  from space 5120K,   0% used [0x06c40000, 0x06c40000, 0x07140000)
  to   space 5120K,   0% used [0x07140000, 0x07140000, 0x07640000)
 tenured generation   total 102800K, used 61678K [0x09950000, 0x0fdb4000, 0x14400000)
   the space 102800K,  59% used [0x09950000, 0x0d58bbd0, 0x0d58bc00, 0x0fdb4000)
 compacting perm gen  total 43776K, used 43710K [0x14400000, 0x16ec0000, 0x18400000)
   the space 43776K,  99% used [0x14400000, 0x16eafba8, 0x16eafc00, 0x16ec0000)
No shared spaces configured.
Event: 36.432 GC heap after
Heap after GC invocations=131 (full 15):
 def new generation   total 46336K, used 3746K [0x04400000, 0x07640000, 0x09950000)
  eden space 41216K,   0% used [0x04400000, 0x04400000, 0x06c40000)
  from space 5120K,  73% used [0x07140000, 0x074e8ae0, 0x07640000)
  to   space 5120K,   0% used [0x06c40000, 0x06c40000, 0x07140000)
 tenured generation   total 102800K, used 61678K [0x09950000, 0x0fdb4000, 0x14400000)
   the space 102800K,  59% used [0x09950000, 0x0d58bbd0, 0x0d58bc00, 0x0fdb4000)
 compacting perm gen  total 43776K, used 43710K [0x14400000, 0x16ec0000, 0x18400000)
   the space 43776K,  99% used [0x14400000, 0x16eafba8, 0x16eafc00, 0x16ec0000)
No shared spaces configured.
}
Event: 36.757 GC heap before
{Heap before GC invocations=131 (full 15):
 def new generation   total 46336K, used 44962K [0x04400000, 0x07640000, 0x09950000)
  eden space 41216K, 100% used [0x04400000, 0x06c40000, 0x06c40000)
  from space 5120K,  73% used [0x07140000, 0x074e8ae0, 0x07640000)
  to   space 5120K,   0% used [0x06c40000, 0x06c40000, 0x07140000)
 tenured generation   total 102800K, used 61678K [0x09950000, 0x0fdb4000, 0x14400000)
   the space 102800K,  59% used [0x09950000, 0x0d58bbd0, 0x0d58bc00, 0x0fdb4000)
 compacting perm gen  total 44032K, used 43785K [0x14400000, 0x16f00000, 0x18400000)
   the space 44032K,  99% used [0x14400000, 0x16ec26a0, 0x16ec2800, 0x16f00000)
No shared spaces configured.
Event: 36.766 GC heap after
Heap after GC invocations=132 (full 15):
 def new generation   total 46336K, used 1588K [0x04400000, 0x07640000, 0x09950000)
  eden space 41216K,   0% used [0x04400000, 0x04400000, 0x06c40000)
  from space 5120K,  31% used [0x06c40000, 0x06dcd2a8, 0x07140000)
  to   space 5120K,   0% used [0x07140000, 0x07140000, 0x07640000)
 tenured generation   total 102800K, used 62877K [0x09950000, 0x0fdb4000, 0x14400000)
   the space 102800K,  61% used [0x09950000, 0x0d6b74c0, 0x0d6b7600, 0x0fdb4000)
 compacting perm gen  total 44032K, used 43785K [0x14400000, 0x16f00000, 0x18400000)
   the space 44032K,  99% used [0x14400000, 0x16ec26a0, 0x16ec2800, 0x16f00000)
No shared spaces configured.
}
Event: 49.313 GC heap before
{Heap before GC invocations=132 (full 15):
 def new generation   total 46336K, used 42804K [0x04400000, 0x07640000, 0x09950000)
  eden space 41216K, 100% used [0x04400000, 0x06c40000, 0x06c40000)
  from space 5120K,  31% used [0x06c40000, 0x06dcd2a8, 0x07140000)
  to   space 5120K,   0% used [0x07140000, 0x07140000, 0x07640000)
 tenured generation   total 102800K, used 62877K [0x09950000, 0x0fdb4000, 0x14400000)
   the space 102800K,  61% used [0x09950000, 0x0d6b74c0, 0x0d6b7600, 0x0fdb4000)
 compacting perm gen  total 44800K, used 44714K [0x14400000, 0x16fc0000, 0x18400000)
   the space 44800K,  99% used [0x14400000, 0x16faa960, 0x16faaa00, 0x16fc0000)
No shared spaces configured.
Event: 49.326 GC heap after
Heap after GC invocations=133 (full 15):
 def new generation   total 46336K, used 3175K [0x04400000, 0x07640000, 0x09950000)
  eden space 41216K,   0% used [0x04400000, 0x04400000, 0x06c40000)
  from space 5120K,  62% used [0x07140000, 0x07459e38, 0x07640000)
  to   space 5120K,   0% used [0x06c40000, 0x06c40000, 0x07140000)
 tenured generation   total 102800K, used 62877K [0x09950000, 0x0fdb4000, 0x14400000)
   the space 102800K,  61% used [0x09950000, 0x0d6b74c0, 0x0d6b7600, 0x0fdb4000)
 compacting perm gen  total 44800K, used 44714K [0x14400000, 0x16fc0000, 0x18400000)
   the space 44800K,  99% used [0x14400000, 0x16faa960, 0x16faaa00, 0x16fc0000)
No shared spaces configured.
}

